Determining if the pthread_create exist failed with the following output:
Change Dir: /home/liuqi/Documents/system_programming/process_3/cmake-build-debug/CMakeFiles/CMakeTmp

Run Build Command:"/usr/bin/make" "cmTC_87fae/fast"
/usr/bin/make -f CMakeFiles/cmTC_87fae.dir/build.make CMakeFiles/cmTC_87fae.dir/build
make[1]: Entering directory '/home/liuqi/Documents/system_programming/process_3/cmake-build-debug/CMakeFiles/CMakeTmp'
Building C object CMakeFiles/cmTC_87fae.dir/CheckSymbolExists.c.o
/usr/bin/cc   -std=gnu11 -o CMakeFiles/cmTC_87fae.dir/CheckSymbolExists.c.o   -c /home/liuqi/Documents/system_programming/process_3/cmake-build-debug/CMakeFiles/CMakeTmp/CheckSymbolExists.c
Linking C executable cmTC_87fae
/home/liuqi/Downloads/clion-2018.1/bin/cmake/bin/cmake -E cmake_link_script CMakeFiles/cmTC_87fae.dir/link.txt --verbose=1
/usr/bin/cc      CMakeFiles/cmTC_87fae.dir/CheckSymbolExists.c.o  -o cmTC_87fae 
CMakeFiles/cmTC_87fae.dir/CheckSymbolExists.c.o：在函数‘main’中：
CheckSymbolExists.c:(.text+0x16)：对‘pthread_create’未定义的引用
collect2: error: ld returned 1 exit status
CMakeFiles/cmTC_87fae.dir/build.make:97: recipe for target 'cmTC_87fae' failed
make[1]: *** [cmTC_87fae] Error 1
make[1]: Leaving directory '/home/liuqi/Documents/system_programming/process_3/cmake-build-debug/CMakeFiles/CMakeTmp'
Makefile:126: recipe for target 'cmTC_87fae/fast' failed
make: *** [cmTC_87fae/fast] Error 2

File /home/liuqi/Documents/system_programming/process_3/cmake-build-debug/CMakeFiles/CMakeTmp/CheckSymbolExists.c:
/* */
#include <pthread.h>

int main(int argc, char** argv)
{
  (void)argv;
#ifndef pthread_create
  return ((int*)(&pthread_create))[argc];
#else
  (void)argc;
  return 0;
#endif
}

Determining if the function pthread_create exists in the pthreads failed with the following output:
Change Dir: /home/liuqi/Documents/system_programming/process_3/cmake-build-debug/CMakeFiles/CMakeTmp

Run Build Command:"/usr/bin/make" "cmTC_b4ca7/fast"
/usr/bin/make -f CMakeFiles/cmTC_b4ca7.dir/build.make CMakeFiles/cmTC_b4ca7.dir/build
make[1]: Entering directory '/home/liuqi/Documents/system_programming/process_3/cmake-build-debug/CMakeFiles/CMakeTmp'
Building C object CMakeFiles/cmTC_b4ca7.dir/CheckFunctionExists.c.o
/usr/bin/cc   -DCHECK_FUNCTION_EXISTS=pthread_create   -std=gnu11 -o CMakeFiles/cmTC_b4ca7.dir/CheckFunctionExists.c.o   -c /home/liuqi/Downloads/clion-2018.1/bin/cmake/share/cmake-3.10/Modules/CheckFunctionExists.c
Linking C executable cmTC_b4ca7
/home/liuqi/Downloads/clion-2018.1/bin/cmake/bin/cmake -E cmake_link_script CMakeFiles/cmTC_b4ca7.dir/link.txt --verbose=1
/usr/bin/cc  -DCHECK_FUNCTION_EXISTS=pthread_create    CMakeFiles/cmTC_b4ca7.dir/CheckFunctionExists.c.o  -o cmTC_b4ca7 -lpthreads 
/usr/bin/ld: 找不到 -lpthreads
collect2: error: ld returned 1 exit status
CMakeFiles/cmTC_b4ca7.dir/build.make:97: recipe for target 'cmTC_b4ca7' failed
make[1]: *** [cmTC_b4ca7] Error 1
make[1]: Leaving directory '/home/liuqi/Documents/system_programming/process_3/cmake-build-debug/CMakeFiles/CMakeTmp'
Makefile:126: recipe for target 'cmTC_b4ca7/fast' failed
make: *** [cmTC_b4ca7/fast] Error 2


